Mon Jan  9 16:30:24 CET 2017
Mon Jan  9 16:30:24 CET 2017
Mon Jan  9 16:30:24 CET 2017
Welcome to Extrae 3.4.1
Extrae: Parsing the configuration file (extrae.xml) begins
Extrae: Tracing package is located on /apps/CEPBATOOLS/extrae/2.4.3rc3/openmpi/64
Extrae: Generating intermediate files for Paraver traces.
Extrae: Warning! <pthread> tag will be ignored. This library does not support OpenMP.
Extrae: <mpi> tag at <Callers> level will be ignored. This library does not support MPI.
Extrae: Warning! change-at-time time units not specified. Using seconds
Extrae: PAPI domain set to ALL for HWC set 1
Extrae: HWC set 1 contains following counters < PAPI_TOT_INS (0x80000032) PAPI_TOT_CYC (0x8000003b) PAPI_L1_DCM (0x80000000) PAPI_L2_DCM (0x80000002) PAPI_L3_TCM (0x80000008) PAPI_FP_INS (0x80000034) PAPI_BR_MSP (0x8000002e) > - never changes
Extrae: Resource usage is disabled at flush buffer.
Extrae: Memory usage is disabled at flush buffer.
Extrae: Tracing buffer can hold 500000 events
Extrae: Circular buffer disabled.
Extrae: Dynamic memory instrumentation is disabled.
Extrae: Basic I/O memory instrumentation is disabled.
Extrae: Parsing the configuration file (extrae.xml) has ended
Extrae: Intermediate traces will be stored in /.statelite/tmpfs/gpfs/home/bsc21/bsc21572/projects/hpc4e/src/fwi/samuel/1_OpmSs_version
Extrae: Tracing mode is set to: Detail.
Extrae: Successfully initiated with 1 tasks and 16 threads

MSG: [?] === Enabled events:
MSG: [?] ===  | dep-direction(37), blev-overheads-breakdown(58), graph-size(23), 
MSG: [?] ===  | accelerator#(68), team-ptr(63), sched-affinity-constraint(47), 
MSG: [?] ===  | wd-id(2), steal(66), critical-wd-id(59), 
MSG: [?] ===  | in-cuda-runtime(27), blev-overheads(57), set-num-threads(41), 
MSG: [?] ===  | reduction(69), in-opencl-runtime(39), time-yields(20), 
MSG: [?] ===  | lock-addr(17), dep-address(43), num-scheds(33), 
MSG: [?] ===  | time-blocks(32), concurrent-tasks(61), chunk-size(30), 
MSG: [?] ===  | create-wd-ptr(14), time-scheds(34), network-transfer(62), 
MSG: [?] ===  | user-funct-location(21), copy-data-in(44), num-blocks(31), 
MSG: [?] ===  | copy-dir-devices(60), in-mpi-runtime(48), loop-step(26), 
MSG: [?] ===  | api(1), taskwait(40), num-spins(18), 
MSG: [?] ===  | cache-copy-data-in(45), xfer-size(28), async-thread(52), 
MSG: [?] ===  | loop-lower(24), dependence(36), wd-criticality(56), 
MSG: [?] ===  | wd-priority(38), user-funct-name(11), cache-copy-data-out(46), 
MSG: [?] ===  | num-ready(22), gpu-wd-id(55), cpuid(42), 
MSG: [?] ===  | loop-upper(25), num-yields(19), 
MSG: [?] === Disabled events:
MSG: [?] ===  | thread-numa-node, user-code, wd-ready, 
MSG: [?] ===  | cache-local-copy, copy-out, cache-free, 
MSG: [?] ===  | cache-malloc, copy-data-alloc, cache-wait, 
MSG: [?] ===  | parallel-outline-fct, debug, sched-versioning, 
MSG: [?] ===  | wd-blocked, create-wd-id, copy-in-gpu, 
MSG: [?] ===  | in-xdma, cache-copy-in, cache-copy-out, 
MSG: [?] ===  | cache-evict, copy-in, cache-hit, 
MSG: [?] ===  | copy-out-gpu, wd-numa-node, wd-deps-ptr, 
MSG: [?] ===  | wd-num-deps, 
Extrae: Intermediate raw trace file created : /.statelite/tmpfs/gpfs/home/bsc21/bsc21572/projects/hpc4e/src/fwi/samuel/1_OpmSs_version/set-0/TRACE@s03r2b26.0000030215000000000000.mpit
Extrae: Intermediate raw sym file created : /.statelite/tmpfs/gpfs/home/bsc21/bsc21572/projects/hpc4e/src/fwi/samuel/1_OpmSs_version/set-0/TRACE@s03r2b26.0000030215000000000000.sym
Extrae: Intermediate raw trace file created : /.statelite/tmpfs/gpfs/home/bsc21/bsc21572/projects/hpc4e/src/fwi/samuel/1_OpmSs_version/set-0/TRACE@s03r2b26.0000030215000000000001.mpit
Extrae: Intermediate raw trace file created : /.statelite/tmpfs/gpfs/home/bsc21/bsc21572/projects/hpc4e/src/fwi/samuel/1_OpmSs_version/set-0/TRACE@s03r2b26.0000030215000000000002.mpit
Extrae: Intermediate raw trace file created : /.statelite/tmpfs/gpfs/home/bsc21/bsc21572/projects/hpc4e/src/fwi/samuel/1_OpmSs_version/set-0/TRACE@s03r2b26.0000030215000000000003.mpit
Extrae: Intermediate raw trace file created : /.statelite/tmpfs/gpfs/home/bsc21/bsc21572/projects/hpc4e/src/fwi/samuel/1_OpmSs_version/set-0/TRACE@s03r2b26.0000030215000000000004.mpit
Extrae: Intermediate raw trace file created : /.statelite/tmpfs/gpfs/home/bsc21/bsc21572/projects/hpc4e/src/fwi/samuel/1_OpmSs_version/set-0/TRACE@s03r2b26.0000030215000000000005.mpit
Extrae: Intermediate raw trace file created : /.statelite/tmpfs/gpfs/home/bsc21/bsc21572/projects/hpc4e/src/fwi/samuel/1_OpmSs_version/set-0/TRACE@s03r2b26.0000030215000000000006.mpit
Extrae: Intermediate raw trace file created : /.statelite/tmpfs/gpfs/home/bsc21/bsc21572/projects/hpc4e/src/fwi/samuel/1_OpmSs_version/set-0/TRACE@s03r2b26.0000030215000000000007.mpit
Extrae: Intermediate raw trace file created : /.statelite/tmpfs/gpfs/home/bsc21/bsc21572/projects/hpc4e/src/fwi/samuel/1_OpmSs_version/set-0/TRACE@s03r2b26.0000030215000000000008.mpit
Extrae: Intermediate raw trace file created : /.statelite/tmpfs/gpfs/home/bsc21/bsc21572/projects/hpc4e/src/fwi/samuel/1_OpmSs_version/set-0/TRACE@s03r2b26.0000030215000000000009.mpit
Extrae: Intermediate raw trace file created : /.statelite/tmpfs/gpfs/home/bsc21/bsc21572/projects/hpc4e/src/fwi/samuel/1_OpmSs_version/set-0/TRACE@s03r2b26.0000030215000000000010.mpit
Extrae: Intermediate raw trace file created : /.statelite/tmpfs/gpfs/home/bsc21/bsc21572/projects/hpc4e/src/fwi/samuel/1_OpmSs_version/set-0/TRACE@s03r2b26.0000030215000000000011.mpit
Extrae: Intermediate raw trace file created : /.statelite/tmpfs/gpfs/home/bsc21/bsc21572/projects/hpc4e/src/fwi/samuel/1_OpmSs_version/set-0/TRACE@s03r2b26.0000030215000000000012.mpit
Extrae: Intermediate raw trace file created : /.statelite/tmpfs/gpfs/home/bsc21/bsc21572/projects/hpc4e/src/fwi/samuel/1_OpmSs_version/set-0/TRACE@s03r2b26.0000030215000000000013.mpit
Extrae: Intermediate raw trace file created : /.statelite/tmpfs/gpfs/home/bsc21/bsc21572/projects/hpc4e/src/fwi/samuel/1_OpmSs_version/set-0/TRACE@s03r2b26.0000030215000000000014.mpit
Extrae: Intermediate raw trace file created : /.statelite/tmpfs/gpfs/home/bsc21/bsc21572/projects/hpc4e/src/fwi/samuel/1_OpmSs_version/set-0/TRACE@s03r2b26.0000030215000000000015.mpit
Extrae: Deallocating memory.
Extrae: Application has ended. Tracing has been terminated.
Extrae: Proceeding with the merge of the intermediate tracefiles.
Extrae: Executing the merge process (using /.statelite/tmpfs/gpfs/home/bsc21/bsc21572/projects/hpc4e/src/fwi/samuel/1_OpmSs_version/TRACE.mpits).
merger: Extrae 3.4.1
mpi2prv: Assigned nodes < s03r2b26 >
mpi2prv: Assigned size per processor < 858 Mbytes >
mpi2prv: File /.statelite/tmpfs/gpfs/home/bsc21/bsc21572/projects/hpc4e/src/fwi/samuel/1_OpmSs_version/set-0/TRACE@s03r2b26.0000030215000000000000.mpit is object 1.1.1 on node s03r2b26 assigned to processor 0
mpi2prv: File /.statelite/tmpfs/gpfs/home/bsc21/bsc21572/projects/hpc4e/src/fwi/samuel/1_OpmSs_version/set-0/TRACE@s03r2b26.0000030215000000000001.mpit is object 1.1.2 on node s03r2b26 assigned to processor 0
mpi2prv: File /.statelite/tmpfs/gpfs/home/bsc21/bsc21572/projects/hpc4e/src/fwi/samuel/1_OpmSs_version/set-0/TRACE@s03r2b26.0000030215000000000002.mpit is object 1.1.3 on node s03r2b26 assigned to processor 0
mpi2prv: File /.statelite/tmpfs/gpfs/home/bsc21/bsc21572/projects/hpc4e/src/fwi/samuel/1_OpmSs_version/set-0/TRACE@s03r2b26.0000030215000000000003.mpit is object 1.1.4 on node s03r2b26 assigned to processor 0
mpi2prv: File /.statelite/tmpfs/gpfs/home/bsc21/bsc21572/projects/hpc4e/src/fwi/samuel/1_OpmSs_version/set-0/TRACE@s03r2b26.0000030215000000000004.mpit is object 1.1.5 on node s03r2b26 assigned to processor 0
mpi2prv: File /.statelite/tmpfs/gpfs/home/bsc21/bsc21572/projects/hpc4e/src/fwi/samuel/1_OpmSs_version/set-0/TRACE@s03r2b26.0000030215000000000005.mpit is object 1.1.6 on node s03r2b26 assigned to processor 0
mpi2prv: File /.statelite/tmpfs/gpfs/home/bsc21/bsc21572/projects/hpc4e/src/fwi/samuel/1_OpmSs_version/set-0/TRACE@s03r2b26.0000030215000000000006.mpit is object 1.1.7 on node s03r2b26 assigned to processor 0
mpi2prv: File /.statelite/tmpfs/gpfs/home/bsc21/bsc21572/projects/hpc4e/src/fwi/samuel/1_OpmSs_version/set-0/TRACE@s03r2b26.0000030215000000000007.mpit is object 1.1.8 on node s03r2b26 assigned to processor 0
mpi2prv: File /.statelite/tmpfs/gpfs/home/bsc21/bsc21572/projects/hpc4e/src/fwi/samuel/1_OpmSs_version/set-0/TRACE@s03r2b26.0000030215000000000008.mpit is object 1.1.9 on node s03r2b26 assigned to processor 0
mpi2prv: File /.statelite/tmpfs/gpfs/home/bsc21/bsc21572/projects/hpc4e/src/fwi/samuel/1_OpmSs_version/set-0/TRACE@s03r2b26.0000030215000000000009.mpit is object 1.1.10 on node s03r2b26 assigned to processor 0
mpi2prv: File /.statelite/tmpfs/gpfs/home/bsc21/bsc21572/projects/hpc4e/src/fwi/samuel/1_OpmSs_version/set-0/TRACE@s03r2b26.0000030215000000000010.mpit is object 1.1.11 on node s03r2b26 assigned to processor 0
mpi2prv: File /.statelite/tmpfs/gpfs/home/bsc21/bsc21572/projects/hpc4e/src/fwi/samuel/1_OpmSs_version/set-0/TRACE@s03r2b26.0000030215000000000011.mpit is object 1.1.12 on node s03r2b26 assigned to processor 0
mpi2prv: File /.statelite/tmpfs/gpfs/home/bsc21/bsc21572/projects/hpc4e/src/fwi/samuel/1_OpmSs_version/set-0/TRACE@s03r2b26.0000030215000000000012.mpit is object 1.1.13 on node s03r2b26 assigned to processor 0
mpi2prv: File /.statelite/tmpfs/gpfs/home/bsc21/bsc21572/projects/hpc4e/src/fwi/samuel/1_OpmSs_version/set-0/TRACE@s03r2b26.0000030215000000000013.mpit is object 1.1.14 on node s03r2b26 assigned to processor 0
mpi2prv: File /.statelite/tmpfs/gpfs/home/bsc21/bsc21572/projects/hpc4e/src/fwi/samuel/1_OpmSs_version/set-0/TRACE@s03r2b26.0000030215000000000014.mpit is object 1.1.15 on node s03r2b26 assigned to processor 0
mpi2prv: File /.statelite/tmpfs/gpfs/home/bsc21/bsc21572/projects/hpc4e/src/fwi/samuel/1_OpmSs_version/set-0/TRACE@s03r2b26.0000030215000000000015.mpit is object 1.1.16 on node s03r2b26 assigned to processor 0
mpi2prv: Time synchronization has been turned off
mpi2prv: A total of 7 symbols were imported from /.statelite/tmpfs/gpfs/home/bsc21/bsc21572/projects/hpc4e/src/fwi/samuel/1_OpmSs_version/TRACE.sym file
mpi2prv: 0 function symbols imported
mpi2prv: 7 HWC counter descriptions imported
mpi2prv: Checking for target directory existance... exists, ok!
mpi2prv: Selected output trace format is Paraver
mpi2prv: Stored trace format is Paraver
mpi2prv: Searching synchronization points... done
mpi2prv: Enabling Time Synchronization (Node).
mpi2prv: Circular buffer enabled at tracing time? NO
mpi2prv: Parsing intermediate files
mpi2prv: Progress 1 of 2 ... 5% 10% 15% 20% 25% 30% 35% 40% 45% 50% 55% 60% 65% 70% 75% 80% 85% 90% 95% done
mpi2prv: Processor 0 succeeded to translate its assigned files
mpi2prv: Elapsed time translating files: 0 hours 2 minutes 45 seconds
mpi2prv: Elapsed time sorting addresses: 0 hours 0 minutes 0 seconds
mpi2prv: Generating tracefile (intermediate buffers of 419424 events)
         This process can take a while. Please, be patient.
mpi2prv: Progress 2 of 2 ... 5% 10% 15% 20% 25% 30% 35% 40% 45% 50% 55% 60% 65% 70% 75% 80% 85% 90% 95% done
mpi2prv: Elapsed time merge step: 0 hours 0 minutes 5 seconds
mpi2prv: Resulting tracefile occupies 220164945 bytes
mpi2prv: Removing temporal files... done
mpi2prv: Elapsed time removing temporal files: 0 hours 0 minutes 0 seconds
mpi2prv: Congratulations! fwi.intel64.prv has been generated.
Mon Jan  9 16:33:21 CET 2017

------------------------------------------------------------
Sender: LSF System <perf@s03r2b26>
Subject: Job 2600147: <fwi.ompss> in cluster <mn3> Done

Job <fwi.ompss> was submitted from host <login2> by user <bsc21572> in cluster <mn3>.
Job was executed on host(s) <s03r2b26>, in queue <sequential>, as user <bsc21572> in cluster <mn3>.
</home/bsc21/bsc21572> was used as the home directory.
</home/bsc21/bsc21572/projects/hpc4e/src/fwi/samuel/1_OpmSs_version> was used as the working directory.
Started at Mon Jan  9 16:30:21 2017
Results reported on Mon Jan  9 16:33:21 2017

Your job looked like:

------------------------------------------------------------
# LSBATCH: User input
#!/bin/bash
##16+1
#BSUB -n 1
#BSUB -oo output.out
#BSUB -eo output.err
#BSUB -R "span[ptile=16]"
#BSUB -x
#BSUB -W 00:10
#####BSUB -q mic
#BSUB -J fwi.ompss
ulimit -c unlimited

date
source environment.sh

# Intentar imitar /gpfs/scratch/bsc15/bsc15685/offload/apps/offload.test/mn3/mn3_x2m.lsf
date

export OMP_NUM_THREADS=16
export NX_ARGS="--instrument-default=omp --summary --enable-yield"

date

./trace.sh ./fwi.intel64 ../SetupParams/fwi_params.txt ../SetupParams/fwi_frequencies.txt

date

------------------------------------------------------------

Successfully completed.

Resource usage summary:

    CPU time :               240.98 sec.
    Max Memory :             2525 MB
    Average Memory :         1494.50 MB
    Total Requested Memory : 1812.00 MB
    Delta Memory :           -713.00 MB
    (Delta: the difference between Total Requested Memory and Max Memory.)
    Max Processes :          5
    Max Threads :            21
    Job Energy Consumption : 0.004698 kWh

The output (if any) is above this job summary.



PS:

Read file <output.err> for stderr output of this job.

